INFO: latexindent.exe version 3.8.3, 2020-11-06, a script to indent .tex files
      latexindent.exe lives here: C:/Program Files/latexindent/
      Fri Dec 18 14:23:05 2020
      Filename: c:/Users/rotim/OneDrive/Documents/Reading/graph-code/Skoltech-PhD-Thesis/chapters/__latexindent_temp.tex
INFO: Processing switches:
      -y|--yaml: YAML settings specified via command line
      -c|--cruft: cruft directory
INFO: Directory for backup files and c:/Users/rotim/OneDrive/Documents/Reading/graph-code/Skoltech-PhD-Thesis//indent.log: c:/Users/rotim/OneDrive/Documents/Reading/graph-code/Skoltech-PhD-Thesis/
INFO: YAML settings read: defaultSettings.yaml
      Reading defaultSettings.yaml from C:/Program Files/latexindent/defaultSettings.yaml
INFO: YAML settings read: indentconfig.yaml or .indentconfig.yaml
      Home directory is C:\Users\rotim (didn't find either indentconfig.yaml or .indentconfig.yaml)
      To specify user settings you would put indentconfig.yaml here: C:\Users\rotim/indentconfig.yaml
      Alternatively, you can use the hidden file .indentconfig.yaml as: C:\Users\rotim/.indentconfig.yaml
INFO: YAML settings read: -y switch
      Updating masterSettings with defaultIndent:     
INFO: Phase 1: searching for objects
INFO: Phase 2: finding surrounding indentation
INFO: Phase 3: indenting objects
INFO: Phase 4: final indentation check
INFO: Output routine:
      Not outputting to file; see -w and -o switches for more options.
      --------------
INFO: Please direct all communication/issues to:
      https://github.com/cmhughes/latexindent.pl
